<?xml version="1.0" encoding="UTF-8"?>
<testng-results skipped="0" failed="0" ignored="0" total="1" passed="1">
  <reporter-output>
  </reporter-output>
  <suite name="Default suite" duration-ms="15227" started-at="2018-05-31T15:43:07Z" finished-at="2018-05-31T15:43:22Z">
    <groups>
    </groups>
    <test name="Default test" duration-ms="15227" started-at="2018-05-31T15:43:07Z" finished-at="2018-05-31T15:43:22Z">
      <class name="com.dice.LoginTest">
        <test-method status="PASS" signature="SetupDriver()[pri:0, instance:com.dice.LoginTest@5e5792a0]" name="SetupDriver" is-config="true" duration-ms="13304" started-at="2018-05-31T15:43:08Z" finished-at="2018-05-31T15:43:21Z">
          <reporter-output>
          </reporter-output>
        </test-method> <!-- SetupDriver -->
        <test-method status="PASS" signature="positiveLoginTest()[pri:0, instance:com.dice.LoginTest@5e5792a0]" name="positiveLoginTest" duration-ms="664" started-at="2018-05-31T15:43:21Z" finished-at="2018-05-31T15:43:21Z">
          <reporter-output>
          </reporter-output>
        </test-method> <!-- positiveLoginTest -->
        <test-method status="PASS" signature="teardown()[pri:0, instance:com.dice.LoginTest@5e5792a0]" name="teardown" is-config="true" duration-ms="712" started-at="2018-05-31T15:43:21Z" finished-at="2018-05-31T15:43:22Z">
          <reporter-output>
          </reporter-output>
        </test-method> <!-- teardown -->
      </class> <!-- com.dice.LoginTest -->
    </test> <!-- Default test -->
  </suite> <!-- Default suite -->
</testng-results>
