<?xml version="1.0" encoding="UTF-8"?>
<!-- Generated by org.testng.reporters.JUnitXMLReporter -->
<testsuite hostname="HX4N042" ignored="1" name="negativeLoginTest" tests="1" failures="0" timestamp="21 Jun 2018 16:57:49 GMT" time="24.536" errors="0">
  <testcase name="positiveLoginTest" time="17.247" classname="com.dice.LoginTest"/>
  <testcase name="negativeLoginTest" time="0.0" classname="com.dice.LoginTest">
    <ignored/>
  </testcase> <!-- negativeLoginTest -->
</testsuite> <!-- negativeLoginTest -->
